c:\users\adrian\source\repos\runtimecompare\runtimecompare\x64\debug\vc143.pdb
c:\users\adrian\source\repos\runtimecompare\runtimecompare\x64\debug\vc143.idb
c:\users\adrian\source\repos\runtimecompare\runtimecompare\x64\debug\main.obj
c:\users\adrian\source\repos\runtimecompare\runtimecompare\x64\debug\listarray.obj
c:\users\adrian\source\repos\runtimecompare\runtimecompare\x64\debug\doublylinkelist.obj
c:\users\adrian\source\repos\runtimecompare\runtimecompare\x64\debug\binarytree.obj
c:\users\adrian\source\repos\runtimecompare\runtimecompare\x64\debug\sllist.obj
c:\users\adrian\source\repos\datastructproject\runtimecompare\runtimecompare\x64\debug\vc143.pdb
c:\users\adrian\source\repos\datastructproject\runtimecompare\runtimecompare\x64\debug\vc143.idb
c:\users\adrian\source\repos\datastructproject\runtimecompare\runtimecompare\x64\debug\sllist.obj
c:\users\adrian\source\repos\datastructproject\runtimecompare\runtimecompare\x64\debug\main.obj
c:\users\adrian\source\repos\datastructproject\runtimecompare\runtimecompare\x64\debug\doublylinkelist.obj
c:\users\adrian\source\repos\datastructproject\runtimecompare\runtimecompare\x64\debug\binarytree.obj
c:\users\adrian\source\repos\datastructproject\runtimecompare\runtimecompare\x64\debug\doublylinkedlist.obj
c:\users\adrian\source\repos\datastructproject\runtimecompare\runtimecompare\x64\debug\listarray.obj
c:\users\adrian\source\repos\datastructproject\runtimecompare\x64\debug\runtimecompare.pdb
c:\users\adrian\source\repos\datastructproject\runtimecompare\runtimecompare\x64\debug\runtimecompare.tlog\cl.command.1.tlog
c:\users\adrian\source\repos\datastructproject\runtimecompare\runtimecompare\x64\debug\runtimecompare.tlog\cl.read.1.tlog
c:\users\adrian\source\repos\datastructproject\runtimecompare\runtimecompare\x64\debug\runtimecompare.tlog\cl.write.1.tlog
c:\users\adrian\source\repos\datastructproject\runtimecompare\runtimecompare\x64\debug\runtimecompare.tlog\link-cvtres.read.1.tlog
c:\users\adrian\source\repos\datastructproject\runtimecompare\runtimecompare\x64\debug\runtimecompare.tlog\link-cvtres.write.1.tlog
c:\users\adrian\source\repos\datastructproject\runtimecompare\runtimecompare\x64\debug\runtimecompare.tlog\link-rc.read.1.tlog
c:\users\adrian\source\repos\datastructproject\runtimecompare\runtimecompare\x64\debug\runtimecompare.tlog\link-rc.write.1.tlog
c:\users\adrian\source\repos\datastructproject\runtimecompare\runtimecompare\x64\debug\runtimecompare.tlog\link.1204-cvtres.read.1.tlog
c:\users\adrian\source\repos\datastructproject\runtimecompare\runtimecompare\x64\debug\runtimecompare.tlog\link.1204-cvtres.write.1.tlog
c:\users\adrian\source\repos\datastructproject\runtimecompare\runtimecompare\x64\debug\runtimecompare.tlog\link.1204-rc.read.1.tlog
c:\users\adrian\source\repos\datastructproject\runtimecompare\runtimecompare\x64\debug\runtimecompare.tlog\link.1204-rc.write.1.tlog
c:\users\adrian\source\repos\datastructproject\runtimecompare\runtimecompare\x64\debug\runtimecompare.tlog\link.1204.read.1.tlog
c:\users\adrian\source\repos\datastructproject\runtimecompare\runtimecompare\x64\debug\runtimecompare.tlog\link.1204.read.2.tlog
c:\users\adrian\source\repos\datastructproject\runtimecompare\runtimecompare\x64\debug\runtimecompare.tlog\link.1204.write.1.tlog
c:\users\adrian\source\repos\datastructproject\runtimecompare\runtimecompare\x64\debug\runtimecompare.tlog\link.command.1.tlog
c:\users\adrian\source\repos\datastructproject\runtimecompare\runtimecompare\x64\debug\runtimecompare.tlog\link.read.1.tlog
c:\users\adrian\source\repos\datastructproject\runtimecompare\runtimecompare\x64\debug\runtimecompare.tlog\link.read.2.tlog
c:\users\adrian\source\repos\datastructproject\runtimecompare\runtimecompare\x64\debug\runtimecompare.tlog\link.write.1.tlog
